<?xml version="1.0" encoding="UTF-8"?>
<testng-results ignored="0" total="10" passed="10" failed="0" skipped="0">
  <reporter-output>
  </reporter-output>
  <suite started-at="2022-10-03T23:02:42 WIB" name="Default suite" finished-at="2022-10-03T23:03:31 WIB" duration-ms="48944">
    <groups>
      <group name="cucumber">
        <method signature="AbstractTestNGCucumberTests.runScenario(io.cucumber.testng.PickleWrapper,io.cucumber.testng.FeatureWrapper)[pri:0, instance:runner.TestRunner@428640fa]" name="runScenario" class="io.cucumber.testng.AbstractTestNGCucumberTests"/>
      </group> <!-- cucumber -->
    </groups>
    <test started-at="2022-10-03T23:02:42 WIB" name="Default test" finished-at="2022-10-03T23:03:31 WIB" duration-ms="48944">
      <class name="runner.TestRunner">
        <test-method is-config="true" signature="setUpClass()[pri:0, instance:runner.TestRunner@428640fa]" started-at="2022-10-03T23:02:42 WIB" name="setUpClass" finished-at="2022-10-03T23:02:42 WIB" duration-ms="113" status="PASS">
          <reporter-output>
          </reporter-output>
        </test-method> <!-- setUpClass -->
        <test-method signature="runScenario(io.cucumber.testng.PickleWrapper,io.cucumber.testng.FeatureWrapper)[pri:0, instance:runner.TestRunner@428640fa]" started-at="2022-10-03T23:02:42 WIB" name="runScenario" description="Runs Cucumber Scenarios" data-provider="scenarios" finished-at="2022-10-03T23:02:47 WIB" duration-ms="5010" status="PASS">
          <params>
            <param index="0">
              <value>
                <![CDATA["Menampilkan halaman utama yang berisi pesan selamat datang dan penjelasan singkat website"]]>
              </value>
            </param>
            <param index="1">
              <value>
                <![CDATA["Sirclo Test"]]>
              </value>
            </param>
          </params>
          <reporter-output>
          </reporter-output>
        </test-method> <!-- runScenario -->
        <test-method signature="runScenario(io.cucumber.testng.PickleWrapper,io.cucumber.testng.FeatureWrapper)[pri:0, instance:runner.TestRunner@428640fa]" started-at="2022-10-03T23:02:47 WIB" name="runScenario" description="Runs Cucumber Scenarios" data-provider="scenarios" finished-at="2022-10-03T23:02:51 WIB" duration-ms="4269" status="PASS">
          <params>
            <param index="0">
              <value>
                <![CDATA["Menampilkan halaman utama yang berisi pesan selamat datang dan penjelasan singkat website"]]>
              </value>
            </param>
            <param index="1">
              <value>
                <![CDATA["Sirclo Test"]]>
              </value>
            </param>
          </params>
          <reporter-output>
          </reporter-output>
        </test-method> <!-- runScenario -->
        <test-method signature="runScenario(io.cucumber.testng.PickleWrapper,io.cucumber.testng.FeatureWrapper)[pri:0, instance:runner.TestRunner@428640fa]" started-at="2022-10-03T23:02:51 WIB" name="runScenario" description="Runs Cucumber Scenarios" data-provider="scenarios" finished-at="2022-10-03T23:02:56 WIB" duration-ms="4791" status="PASS">
          <params>
            <param index="0">
              <value>
                <![CDATA["Mengembalikan redirect 3XX ketika Valid Login"]]>
              </value>
            </param>
            <param index="1">
              <value>
                <![CDATA["Sirclo Test"]]>
              </value>
            </param>
          </params>
          <reporter-output>
          </reporter-output>
        </test-method> <!-- runScenario -->
        <test-method signature="runScenario(io.cucumber.testng.PickleWrapper,io.cucumber.testng.FeatureWrapper)[pri:0, instance:runner.TestRunner@428640fa]" started-at="2022-10-03T23:02:56 WIB" name="runScenario" description="Runs Cucumber Scenarios" data-provider="scenarios" finished-at="2022-10-03T23:03:00 WIB" duration-ms="4288" status="PASS">
          <params>
            <param index="0">
              <value>
                <![CDATA["Mengembalikan redirect 4XX ketika Invalid Login"]]>
              </value>
            </param>
            <param index="1">
              <value>
                <![CDATA["Sirclo Test"]]>
              </value>
            </param>
          </params>
          <reporter-output>
          </reporter-output>
        </test-method> <!-- runScenario -->
        <test-method signature="runScenario(io.cucumber.testng.PickleWrapper,io.cucumber.testng.FeatureWrapper)[pri:0, instance:runner.TestRunner@428640fa]" started-at="2022-10-03T23:03:00 WIB" name="runScenario" description="Runs Cucumber Scenarios" data-provider="scenarios" finished-at="2022-10-03T23:03:05 WIB" duration-ms="4427" status="PASS">
          <params>
            <param index="0">
              <value>
                <![CDATA["Mengembalikan redirect 3XX dan login kembali ketika sudah Valid Login"]]>
              </value>
            </param>
            <param index="1">
              <value>
                <![CDATA["Sirclo Test"]]>
              </value>
            </param>
          </params>
          <reporter-output>
          </reporter-output>
        </test-method> <!-- runScenario -->
        <test-method signature="runScenario(io.cucumber.testng.PickleWrapper,io.cucumber.testng.FeatureWrapper)[pri:0, instance:runner.TestRunner@428640fa]" started-at="2022-10-03T23:03:05 WIB" name="runScenario" description="Runs Cucumber Scenarios" data-provider="scenarios" finished-at="2022-10-03T23:03:09 WIB" duration-ms="4264" status="PASS">
          <params>
            <param index="0">
              <value>
                <![CDATA["Mengembalikan redirect 3XX ketika Logout"]]>
              </value>
            </param>
            <param index="1">
              <value>
                <![CDATA["Sirclo Test"]]>
              </value>
            </param>
          </params>
          <reporter-output>
          </reporter-output>
        </test-method> <!-- runScenario -->
        <test-method signature="runScenario(io.cucumber.testng.PickleWrapper,io.cucumber.testng.FeatureWrapper)[pri:0, instance:runner.TestRunner@428640fa]" started-at="2022-10-03T23:03:09 WIB" name="runScenario" description="Runs Cucumber Scenarios" data-provider="scenarios" finished-at="2022-10-03T23:03:13 WIB" duration-ms="4238" status="PASS">
          <params>
            <param index="0">
              <value>
                <![CDATA["Menampilkan halaman login apabila GET data sebelum login"]]>
              </value>
            </param>
            <param index="1">
              <value>
                <![CDATA["Sirclo Test"]]>
              </value>
            </param>
          </params>
          <reporter-output>
          </reporter-output>
        </test-method> <!-- runScenario -->
        <test-method signature="runScenario(io.cucumber.testng.PickleWrapper,io.cucumber.testng.FeatureWrapper)[pri:0, instance:runner.TestRunner@428640fa]" started-at="2022-10-03T23:03:13 WIB" name="runScenario" description="Runs Cucumber Scenarios" data-provider="scenarios" finished-at="2022-10-03T23:03:20 WIB" duration-ms="6433" status="PASS">
          <params>
            <param index="0">
              <value>
                <![CDATA["Menampilkan table data apabila GET data setelah login"]]>
              </value>
            </param>
            <param index="1">
              <value>
                <![CDATA["Sirclo Test"]]>
              </value>
            </param>
          </params>
          <reporter-output>
          </reporter-output>
        </test-method> <!-- runScenario -->
        <test-method signature="runScenario(io.cucumber.testng.PickleWrapper,io.cucumber.testng.FeatureWrapper)[pri:0, instance:runner.TestRunner@428640fa]" started-at="2022-10-03T23:03:20 WIB" name="runScenario" description="Runs Cucumber Scenarios" data-provider="scenarios" finished-at="2022-10-03T23:03:26 WIB" duration-ms="6551" status="PASS">
          <params>
            <param index="0">
              <value>
                <![CDATA["Mengembalikan redirect 4XX ketika filter data timestamp start>end"]]>
              </value>
            </param>
            <param index="1">
              <value>
                <![CDATA["Sirclo Test"]]>
              </value>
            </param>
          </params>
          <reporter-output>
          </reporter-output>
        </test-method> <!-- runScenario -->
        <test-method signature="runScenario(io.cucumber.testng.PickleWrapper,io.cucumber.testng.FeatureWrapper)[pri:0, instance:runner.TestRunner@428640fa]" started-at="2022-10-03T23:03:26 WIB" name="runScenario" description="Runs Cucumber Scenarios" data-provider="scenarios" finished-at="2022-10-03T23:03:30 WIB" duration-ms="4363" status="PASS">
          <params>
            <param index="0">
              <value>
                <![CDATA["Endpont selain /login, /data dan /logout menghasilkan respon 404"]]>
              </value>
            </param>
            <param index="1">
              <value>
                <![CDATA["Sirclo Test"]]>
              </value>
            </param>
          </params>
          <reporter-output>
          </reporter-output>
        </test-method> <!-- runScenario -->
        <test-method is-config="true" signature="tearDownClass()[pri:0, instance:runner.TestRunner@428640fa]" started-at="2022-10-03T23:03:30 WIB" name="tearDownClass" finished-at="2022-10-03T23:03:31 WIB" duration-ms="151" status="PASS">
          <reporter-output>
          </reporter-output>
        </test-method> <!-- tearDownClass -->
      </class> <!-- runner.TestRunner -->
    </test> <!-- Default test -->
  </suite> <!-- Default suite -->
</testng-results>
